<?xml version="1.0" encoding="UTF-8"?>
<!-- Generated by org.testng.reporters.JUnitReportReporter -->
<testsuite skipped="0" hostname="IVF111" name="com_Embrio_Test.LoginPageTest" tests="4" failures="0" timestamp="24 Jul 2018 14:59:17 GMT" time="32.518" errors="0">
  <testcase name="InvalidusernameTest" time="9.001" classname="com_Embrio_Test.LoginPageTest"/>
  <testcase name="InvalidPasswordTest" time="6.553" classname="com_Embrio_Test.LoginPageTest"/>
  <testcase name="ButtonEnableConditionTest" time="6.369" classname="com_Embrio_Test.LoginPageTest"/>
  <testcase name="LoginTest" time="10.595" classname="com_Embrio_Test.LoginPageTest"/>
</testsuite> <!-- com_Embrio_Test.LoginPageTest -->
