<?xml version="1.0" encoding="UTF-8"?>
<!-- Generated by org.testng.reporters.JUnitReportReporter -->
<testsuite skipped="0" hostname="IVF111" name="GetRequest.GetData" tests="2" failures="0" timestamp="24 Jul 2018 10:57:24 GMT" time="4.612" errors="0">
  <testcase name="TestRespond" time="3.391" classname="GetRequest.GetData"/>
  <testcase name="Testbody" time="1.221" classname="GetRequest.GetData"/>
</testsuite> <!-- GetRequest.GetData -->
