<?xml version="1.0" encoding="UTF-8"?>
<!-- Generated by org.testng.reporters.JUnitReportReporter -->
<testsuite skipped="0" hostname="IVF111" name="GetRequest.GetDatawithoutRestAssured" tests="2" failures="0" timestamp="24 Jul 2018 11:10:35 GMT" time="10.896" errors="0">
  <testcase name="TestRespond" time="8.349" classname="GetRequest.GetDatawithoutRestAssured"/>
  <testcase name="Testbody" time="2.547" classname="GetRequest.GetDatawithoutRestAssured"/>
</testsuite> <!-- GetRequest.GetDatawithoutRestAssured -->
