<?xml version="1.0" encoding="UTF-8"?>
<!-- Generated by org.testng.reporters.JUnitReportReporter -->
<testsuite skipped="0" hostname="IVF111" name="com_Embrio_Test.LoginPageTest" tests="4" failures="0" timestamp="31 Jul 2018 05:01:48 GMT" time="33.538" errors="0">
  <testcase name="InvalidusernameTest" time="8.798" classname="com_Embrio_Test.LoginPageTest"/>
  <testcase name="InvalidPasswordTest" time="7.305" classname="com_Embrio_Test.LoginPageTest"/>
  <testcase name="ButtonEnableConditionTest" time="6.867" classname="com_Embrio_Test.LoginPageTest"/>
  <testcase name="LoginTest" time="10.568" classname="com_Embrio_Test.LoginPageTest"/>
</testsuite> <!-- com_Embrio_Test.LoginPageTest -->
